<?xml version="1.0" encoding="UTF-8"?>
<!-- Generated by org.testng.reporters.JUnitReportReporter -->
<testsuite hostname="Nagarajshetty" failures="0" tests="1" name="scripts.Testcase2" time="141.123" errors="0" timestamp="2022-10-21T22:07:28 IST" skipped="0">
  <testcase classname="scripts.Testcase2" name="tc2" time="141.123"/>
  <system-out/>
</testsuite> <!-- scripts.Testcase2 -->
