<?xml version="1.0" encoding="UTF-8"?>
<!-- Generated by org.testng.reporters.JUnitReportReporter -->
<testsuite hostname="Nagarajshetty" failures="0" tests="1" name="scripts.TestCase1" time="294.466" errors="0" timestamp="2022-10-22T07:51:13 IST" skipped="0">
  <testcase classname="scripts.TestCase1" name="tc1" time="294.466"/>
  <system-out/>
</testsuite> <!-- scripts.TestCase1 -->
