<?xml version="1.0" encoding="UTF-8"?>
<!-- Generated by org.testng.reporters.JUnitReportReporter -->
<testsuite hostname="Nagarajshetty" failures="0" tests="1" name="scripts.TestCase1" time="76.376" errors="0" timestamp="2022-10-20T20:47:23 IST" skipped="0">
  <testcase classname="scripts.TestCase1" name="tc1" time="76.376"/>
  <system-out/>
</testsuite> <!-- scripts.TestCase1 -->
